<?xml version="1.0" encoding="UTF-8"?>
<!-- Generated by org.testng.reporters.JUnitXMLReporter -->
<testsuite ignored="1" hostname="DESKTOP-M208CRV" failures="0" tests="1" name="Default test" time="11.364" errors="0" timestamp="2021-12-13T13:21:22 IST">
  <testcase classname="CRUD.AddressTest" name="updateAddressTest" time="4.319"/>
  <testcase classname="CRUD.AddressTest" name="createAddressTest" time="0.0">
    <ignored/>
  </testcase> <!-- createAddressTest -->
</testsuite> <!-- Default test -->
