<?xml version="1.0" encoding="UTF-8"?>
<testng-results ignored="0" total="3" passed="3" failed="0" skipped="0">
  <reporter-output>
  </reporter-output>
  <suite started-at="2021-12-16T00:19:32 IST" name="Suite" finished-at="2021-12-16T00:20:04 IST" duration-ms="31902">
    <groups>
    </groups>
    <test started-at="2021-12-16T00:19:32 IST" name="ChromeTest" finished-at="2021-12-16T00:19:40 IST" duration-ms="8753">
      <class name="com.AutomationProject.MukeshOtwaniSelenium.CrossBrowserTest">
        <test-method signature="verifyPageTitle(java.lang.String)[pri:0, instance:com.AutomationProject.MukeshOtwaniSelenium.CrossBrowserTest@306f16f3]" started-at="2021-12-16T00:19:32 IST" name="verifyPageTitle" finished-at="2021-12-16T00:19:40 IST" duration-ms="8698" status="PASS">
          <params>
            <param index="0">
              <value>
                <![CDATA[chrome]]>
              </value>
            </param>
          </params>
          <reporter-output>
          </reporter-output>
        </test-method> <!-- verifyPageTitle -->
      </class> <!-- com.AutomationProject.MukeshOtwaniSelenium.CrossBrowserTest -->
    </test> <!-- ChromeTest -->
    <test started-at="2021-12-16T00:19:41 IST" name="FirefoxTest" finished-at="2021-12-16T00:19:54 IST" duration-ms="13841">
      <class name="com.AutomationProject.MukeshOtwaniSelenium.CrossBrowserTest">
        <test-method signature="verifyPageTitle(java.lang.String)[pri:0, instance:com.AutomationProject.MukeshOtwaniSelenium.CrossBrowserTest@47987356]" started-at="2021-12-16T00:19:41 IST" name="verifyPageTitle" finished-at="2021-12-16T00:19:54 IST" duration-ms="13839" status="PASS">
          <params>
            <param index="0">
              <value>
                <![CDATA[firefox]]>
              </value>
            </param>
          </params>
          <reporter-output>
          </reporter-output>
        </test-method> <!-- verifyPageTitle -->
      </class> <!-- com.AutomationProject.MukeshOtwaniSelenium.CrossBrowserTest -->
    </test> <!-- FirefoxTest -->
    <test started-at="2021-12-16T00:19:54 IST" name="EdgeTest" finished-at="2021-12-16T00:20:04 IST" duration-ms="9262">
      <class name="com.AutomationProject.MukeshOtwaniSelenium.CrossBrowserTest">
        <test-method signature="verifyPageTitle(java.lang.String)[pri:0, instance:com.AutomationProject.MukeshOtwaniSelenium.CrossBrowserTest@3f6b0be5]" started-at="2021-12-16T00:19:54 IST" name="verifyPageTitle" finished-at="2021-12-16T00:20:04 IST" duration-ms="9261" status="PASS">
          <params>
            <param index="0">
              <value>
                <![CDATA[edge]]>
              </value>
            </param>
          </params>
          <reporter-output>
          </reporter-output>
        </test-method> <!-- verifyPageTitle -->
      </class> <!-- com.AutomationProject.MukeshOtwaniSelenium.CrossBrowserTest -->
    </test> <!-- EdgeTest -->
  </suite> <!-- Suite -->
</testng-results>
