<?xml version="1.0" encoding="UTF-8"?>
<testng-results ignored="0" total="1" passed="1" failed="0" skipped="0">
  <reporter-output>
  </reporter-output>
  <suite started-at="2021-12-16T12:29:01 IST" name="Suite" finished-at="2021-12-16T12:29:08 IST" duration-ms="6822">
    <groups>
    </groups>
    <test started-at="2021-12-16T12:29:01 IST" name="browsertest" finished-at="2021-12-16T12:29:08 IST" duration-ms="6822">
      <class name="com.AutomationProject.MukeshOtwaniSelenium.CrossBrowserTest">
        <test-method signature="verifyPageTitle(java.lang.String)[pri:0, instance:com.AutomationProject.MukeshOtwaniSelenium.CrossBrowserTest@1cbb87f3]" started-at="2021-12-16T12:29:01 IST" name="verifyPageTitle" finished-at="2021-12-16T12:29:08 IST" duration-ms="6766" status="PASS">
          <params>
            <param index="0">
              <value>
                <![CDATA[edge]]>
              </value>
            </param>
          </params>
          <reporter-output>
          </reporter-output>
        </test-method> <!-- verifyPageTitle -->
      </class> <!-- com.AutomationProject.MukeshOtwaniSelenium.CrossBrowserTest -->
    </test> <!-- browsertest -->
  </suite> <!-- Suite -->
</testng-results>
