<?xml version="1.0" encoding="UTF-8"?>
<testng-results ignored="1" total="2" passed="1" failed="0" skipped="0">
  <reporter-output>
  </reporter-output>
  <suite started-at="2021-12-13T13:21:10 IST" name="Default suite" finished-at="2021-12-13T13:21:22 IST" duration-ms="11364">
    <groups>
    </groups>
    <test started-at="2021-12-13T13:21:10 IST" name="Default test" finished-at="2021-12-13T13:21:22 IST" duration-ms="11364">
      <class name="CRUD.AddressTest">
        <test-method is-config="true" signature="beforeTest()[pri:0, instance:CRUD.AddressTest@6253c26]" started-at="2021-12-13T13:21:10 IST" name="beforeTest" finished-at="2021-12-13T13:21:17 IST" duration-ms="6989" status="PASS">
          <reporter-output>
          </reporter-output>
        </test-method> <!-- beforeTest -->
        <test-method signature="updateAddressTest()[pri:0, instance:CRUD.AddressTest@6253c26]" started-at="2021-12-13T13:21:17 IST" name="updateAddressTest" finished-at="2021-12-13T13:21:22 IST" duration-ms="4319" status="PASS">
          <reporter-output>
          </reporter-output>
        </test-method> <!-- updateAddressTest -->
        <test-method is-config="true" signature="AfterTest()[pri:0, instance:CRUD.AddressTest@6253c26]" started-at="2021-12-13T13:21:22 IST" name="AfterTest" finished-at="2021-12-13T13:21:22 IST" duration-ms="1" status="PASS">
          <reporter-output>
          </reporter-output>
        </test-method> <!-- AfterTest -->
      </class> <!-- CRUD.AddressTest -->
    </test> <!-- Default test -->
  </suite> <!-- Default suite -->
</testng-results>
