<?xml version="1.0" encoding="UTF-8"?>
<testng-results ignored="0" total="1" passed="1" failed="0" skipped="0">
  <reporter-output>
  </reporter-output>
  <suite started-at="2021-12-06T09:46:47 IST" name="Default suite" finished-at="2021-12-06T09:46:53 IST" duration-ms="6144">
    <groups>
    </groups>
    <test started-at="2021-12-06T09:46:47 IST" name="Default test" finished-at="2021-12-06T09:46:53 IST" duration-ms="6144">
      <class name="Locators.LocatorsTest">
        <test-method signature="locatorsTest()[pri:0, instance:Locators.LocatorsTest@47faa49c]" started-at="2021-12-06T09:46:47 IST" name="locatorsTest" finished-at="2021-12-06T09:46:53 IST" duration-ms="6100" status="PASS">
          <reporter-output>
          </reporter-output>
        </test-method> <!-- locatorsTest -->
      </class> <!-- Locators.LocatorsTest -->
    </test> <!-- Default test -->
  </suite> <!-- Default suite -->
</testng-results>
